{"level":"error","message":"Add post error: null value in column \"tourist_place_id\" of relation \"posts\" violates not-null constraint","timestamp":"2025-05-29T11:04:04.186Z"}
<<<<<<< HEAD
=======
{"level":"error","message":"Add post error: null value in column \"tourist_place_id\" of relation \"posts\" violates not-null constraint","timestamp":"2025-05-30T02:28:15.911Z"}
{"level":"error","message":"Add post error: null value in column \"tourist_place_id\" of relation \"posts\" violates not-null constraint","timestamp":"2025-05-30T03:06:51.183Z"}
{"level":"info","message":"Image uploaded: https://res.cloudinary.com/dcug8fhtu/image/upload/v1748575710/tourism_posts/t6qjge0alkv2sodgdknh.jpg","timestamp":"2025-05-30T03:28:30.581Z"}
{"level":"info","message":"Image uploaded: https://res.cloudinary.com/dcug8fhtu/image/upload/v1748576996/tourism_posts/usiglmw0fpkwksosyqua.jpg","timestamp":"2025-05-30T03:49:56.590Z"}
{"level":"info","message":"Image uploaded: https://res.cloudinary.com/dcug8fhtu/image/upload/v1748577063/tourism_posts/gnwhnbxny0g8aeggyzq.jpg","timestamp":"2025-05-30T03:51:03.574Z"}
{"level":"info","message":"Image uploaded: https://res.cloudinary.com/dcug8fhtu/image/upload/v1748583620/tourism_posts/hktvjaphtntbldi0fcer.webp","timestamp":"2025-05-30T05:40:20.552Z"}
{"level":"info","message":"Image uploaded: https://res.cloudinary.com/dcug8fhtu/image/upload/v1748583696/tourism_posts/dpfhbogqwbr024tith5o.webp","timestamp":"2025-05-30T05:41:36.712Z"}
>>>>>>> d0fc1dd046a7ba5fcc2ba70650816c21dae6ba7b
{"level":"info","message":"Image uploaded: https://res.cloudinary.com/dcug8fhtu/image/upload/v1748595269/tourism_posts/dzd3is5jcdjc8xrhmiuf.webp","timestamp":"2025-05-30T08:54:30.570Z"}
{"level":"info","message":"Image uploaded: https://res.cloudinary.com/dcug8fhtu/image/upload/v1748595288/tourism_posts/pwharznnd8fme55u0tnc.webp","timestamp":"2025-05-30T08:54:49.832Z"}
{"level":"info","message":"Image uploaded: https://res.cloudinary.com/dcug8fhtu/image/upload/v1748595341/tourism_posts/jouirtyvr8jour5sb4aa.webp","timestamp":"2025-05-30T08:55:41.872Z"}
{"level":"info","message":"Image uploaded: https://res.cloudinary.com/dcug8fhtu/image/upload/v1748852600/tourism_posts/xscbjvbit1crj0uxfb12.webp","timestamp":"2025-06-02T08:23:22.262Z"}
{"level":"info","message":"Image uploaded: https://res.cloudinary.com/dcug8fhtu/image/upload/v1749187253/tourism_posts/zawmkvf91w07bkgzkhzb.webp","timestamp":"2025-06-06T05:20:52.155Z"}
{"level":"info","message":"Image uploaded: https://res.cloudinary.com/dcug8fhtu/image/upload/v1749188670/tourism_posts/qmxydghx90tcv8w54tjz.webp","timestamp":"2025-06-06T05:44:29.353Z"}
{"level":"info","message":"Image uploaded: https://res.cloudinary.com/dcug8fhtu/image/upload/v1749188899/tourism_posts/dfljbulmskgfja80sa2q.webp","timestamp":"2025-06-06T05:48:18.173Z"}
{"level":"info","message":"Image uploaded: https://res.cloudinary.com/dcug8fhtu/image/upload/v1749189538/tourism_posts/mi2lbh6k4kjhhsanuw2e.webp","timestamp":"2025-06-06T05:58:57.539Z"}
{"level":"info","message":"Image uploaded: https://res.cloudinary.com/dcug8fhtu/image/upload/v1749190118/tourism_posts/gicyo8fkv3fr1vvcdcjo.webp","timestamp":"2025-06-06T06:08:37.016Z"}
{"level":"info","message":"Image uploaded: https://res.cloudinary.com/dcug8fhtu/image/upload/v1749192078/tourism_posts/xskur2jljsh6corv8qir.webp","timestamp":"2025-06-06T06:41:17.251Z"}
{"level":"info","message":"Image uploaded: https://res.cloudinary.com/dcug8fhtu/image/upload/v1749192252/tourism_posts/e7ogy4epmfrrpx3otp3p.webp","timestamp":"2025-06-06T06:44:11.408Z"}
{"level":"info","message":"Image uploaded: https://res.cloudinary.com/dcug8fhtu/image/upload/v1749192732/tourism_posts/cyydfthavsoafe5cpkih.webp","timestamp":"2025-06-06T06:52:11.310Z"}
{"level":"info","message":"Image uploaded: https://res.cloudinary.com/dcug8fhtu/image/upload/v1749193006/tourism_posts/lljxgc9sxslejpjnrciw.webp","timestamp":"2025-06-06T06:56:45.384Z"}
{"level":"info","message":"Image uploaded: https://res.cloudinary.com/dcug8fhtu/image/upload/v1749193170/tourism_posts/lltbmrmagqpg0x5bxnvi.webp","timestamp":"2025-06-06T06:59:28.971Z"}
{"level":"info","message":"Image uploaded: https://res.cloudinary.com/dcug8fhtu/image/upload/v1749193455/tourism_posts/bnyfyfod1y3x9rapt0jk.webp","timestamp":"2025-06-06T07:04:13.870Z"}
{"level":"info","message":"Image uploaded: https://res.cloudinary.com/dcug8fhtu/image/upload/v1749194089/tourism_posts/lmpqe2ffzk81qji7pxdf.webp","timestamp":"2025-06-06T07:14:48.535Z"}
{"level":"info","message":"Image uploaded: https://res.cloudinary.com/dcug8fhtu/image/upload/v1749194732/tourism_posts/x0widu8p0x3cyivg61te.webp","timestamp":"2025-06-06T07:25:31.713Z"}
{"level":"info","message":"Image uploaded: https://res.cloudinary.com/dcug8fhtu/image/upload/v1749194960/tourism_posts/euwj7p7zqyqkpcjphbre.webp","timestamp":"2025-06-06T07:29:18.989Z"}
{"level":"info","message":"Image uploaded: https://res.cloudinary.com/dcug8fhtu/image/upload/v1749195087/tourism_posts/xiqhaiikwwzebdxawyhr.webp","timestamp":"2025-06-06T07:31:26.154Z"}
{"level":"info","message":"Image uploaded: https://res.cloudinary.com/dcug8fhtu/image/upload/v1749195532/tourism_posts/o6c0solaadyegkww58iu.webp","timestamp":"2025-06-06T07:38:52.758Z"}
{"level":"info","message":"Image uploaded: https://res.cloudinary.com/dcug8fhtu/image/upload/v1749195996/tourism_posts/mpiftqow82kcbz1hvqov.webp","timestamp":"2025-06-06T07:46:35.163Z"}
{"level":"info","message":"Image uploaded: https://res.cloudinary.com/dcug8fhtu/image/upload/v1749196054/tourism_posts/aaja7ljgfixkuuuzhs88.webp","timestamp":"2025-06-06T07:47:33.537Z"}
{"level":"info","message":"Image uploaded: https://res.cloudinary.com/dcug8fhtu/image/upload/v1749196246/tourism_posts/zegfnooymozxiqn2xpbv.webp","timestamp":"2025-06-06T07:50:46.849Z"}
{"level":"info","message":"Image uploaded: https://res.cloudinary.com/dcug8fhtu/image/upload/v1749198028/tourism_posts/lbj3nob4s4txkwmbz5bv.webp","timestamp":"2025-06-06T08:20:28.331Z"}
{"level":"info","message":"Image uploaded: https://res.cloudinary.com/dcug8fhtu/image/upload/v1749198344/tourism_posts/wfjeqkykzzs5gy7b1opo.webp","timestamp":"2025-06-06T08:25:43.949Z"}
{"level":"info","message":"Image uploaded: https://res.cloudinary.com/dcug8fhtu/image/upload/v1749198749/tourism_posts/tsoglonutib7xslqozk8.webp","timestamp":"2025-06-06T08:32:28.586Z"}
{"level":"info","message":"Image uploaded: https://res.cloudinary.com/dcug8fhtu/image/upload/v1749199128/tourism_posts/jlfgukby2u2mewghlnsn.webp","timestamp":"2025-06-06T08:38:47.184Z"}
